<?xml version="1.0" encoding="UTF-8"?>
<!-- Generated by org.testng.reporters.JUnitXMLReporter -->
<testsuite hostname="IBM-8HWTPM3" name="Default test" tests="4" failures="0" timestamp="1 Jul 2022 11:20:30 GMT" time="6.738" errors="0">
  <testcase name="firstPOST" time="3.195" classname="ibmfullstack.restassuredframework.assignment"/>
  <testcase name="firstPUT" time="1.199" classname="ibmfullstack.restassuredframework.assignment"/>
  <testcase name="firstDELETE" time="1.145" classname="ibmfullstack.restassuredframework.assignment"/>
  <testcase name="anotherGET" time="1.181" classname="ibmfullstack.restassuredframework.assignment"/>
</testsuite> <!-- Default test -->
